<?xml version="1.0" encoding="UTF-8"?>
<!-- Generated by org.testng.reporters.JUnitReportReporter -->
<testsuite skipped="0" hostname="DESKTOP-49TT92R" name="com.NowFloats.TestCases.Bug_01" tests="1" failures="0" timestamp="12 May 2019 13:22:44 GMT" time="0.202" errors="0">
  <testcase name="ContactNumber" time="0.202" classname="com.NowFloats.TestCases.Bug_01"/>
</testsuite> <!-- com.NowFloats.TestCases.Bug_01 -->
