<?xml version="1.0" encoding="UTF-8"?>
<!-- Generated by org.testng.reporters.JUnitReportReporter -->
<testsuite skipped="0" hostname="DESKTOP-49TT92R" name="com.NowFloats.TestCases.Bug_14" tests="1" failures="0" timestamp="12 May 2019 14:05:33 GMT" time="7.755" errors="0">
  <testcase name="BuyNowForItems" time="7.755" classname="com.NowFloats.TestCases.Bug_14"/>
</testsuite> <!-- com.NowFloats.TestCases.Bug_14 -->
