<?xml version="1.0" encoding="UTF-8"?>
<!-- Generated by org.testng.reporters.JUnitReportReporter -->
<testsuite skipped="0" hostname="DESKTOP-49TT92R" name="com.NowFloats.TestCases.Bug_02" tests="1" failures="0" timestamp="12 May 2019 11:55:45 GMT" time="6.404" errors="0">
  <testcase name="BuyNow" time="6.404" classname="com.NowFloats.TestCases.Bug_02"/>
</testsuite> <!-- com.NowFloats.TestCases.Bug_02 -->
